<?xml version="1.0" encoding="UTF-8"?>
<testng-results skipped="0" failed="0" ignored="0" total="1" passed="1">
  <reporter-output>
  </reporter-output>
  <suite name="Default suite" duration-ms="25" started-at="2019-06-13T06:59:37Z" finished-at="2019-06-13T06:59:37Z">
    <groups>
    </groups>
    <test name="Default test" duration-ms="25" started-at="2019-06-13T06:59:37Z" finished-at="2019-06-13T06:59:37Z">
      <class name="engine.AvanticaBDDTrainingRunner">
        <test-method status="PASS" signature="beforeTest()[pri:0, instance:engine.AvanticaBDDTrainingRunner@262b2c86]" name="beforeTest" is-config="true" duration-ms="7" started-at="2019-06-13T06:59:37Z" finished-at="2019-06-13T06:59:37Z">
          <reporter-output>
          </reporter-output>
        </test-method> <!-- beforeTest -->
        <test-method status="PASS" signature="TestRunnerExample()[pri:0, instance:engine.AvanticaBDDTrainingRunner@262b2c86]" name="TestRunnerExample" duration-ms="4" started-at="2019-06-13T06:59:37Z" finished-at="2019-06-13T06:59:37Z">
          <reporter-output>
          </reporter-output>
        </test-method> <!-- TestRunnerExample -->
        <test-method status="PASS" signature="afterTest()[pri:0, instance:engine.AvanticaBDDTrainingRunner@262b2c86]" name="afterTest" is-config="true" duration-ms="0" started-at="2019-06-13T06:59:37Z" finished-at="2019-06-13T06:59:37Z">
          <reporter-output>
          </reporter-output>
        </test-method> <!-- afterTest -->
      </class> <!-- engine.AvanticaBDDTrainingRunner -->
    </test> <!-- Default test -->
  </suite> <!-- Default suite -->
</testng-results>
